<?xml version="1.0" encoding="UTF-8"?>
<robot generator="Robot 6.0.2 (Python 3.13.1 on win32)" generated="20250127 10:59:44.428" rpa="false" schemaversion="3">
<suite id="s1" name="Tests" source="C:\Replay\Symphonyreplay\Tests">
<kw name="Setup highest level suite" type="SETUP">
<kw name="Set Variable" library="BuiltIn">
<var>${d.test_server}</var>
<arg>${test_server}</arg>
<doc>Returns the given values which can then be assigned to a variables.</doc>
<msg timestamp="20250127 10:59:45.927" level="INFO">${d.test_server} = Dev</msg>
<status status="PASS" starttime="20250127 10:59:45.926" endtime="20250127 10:59:45.927"/>
</kw>
<kw name="Reset screenshot count variable" library="Support">
<kw name="Set Variable" library="BuiltIn">
<var>${screenshotCount}</var>
<arg>${PABOTQUEUEINDEX}_1</arg>
<doc>Returns the given values which can then be assigned to a variables.</doc>
<msg timestamp="20250127 10:59:45.928" level="INFO">${screenshotCount} = 2_1</msg>
<status status="PASS" starttime="20250127 10:59:45.927" endtime="20250127 10:59:45.928"/>
</kw>
<kw name="Set Global Variable" library="BuiltIn">
<arg>${screenshotCount}</arg>
<doc>Makes a variable available globally in all tests and suites.</doc>
<msg timestamp="20250127 10:59:45.928" level="INFO">${screenshotCount} = 2_1</msg>
<status status="PASS" starttime="20250127 10:59:45.928" endtime="20250127 10:59:45.928"/>
</kw>
<kw name="Set up screenshot directory" library="Support">
<kw name="Create Directory" library="OperatingSystem">
<arg>${OUTPUTDIR}${/}${wvar('screenshot_dir')}</arg>
<doc>Creates the specified directory.</doc>
<msg timestamp="20250127 10:59:45.929" level="INFO">Web.Dev.screenshot_dir: Screenshot</msg>
<msg timestamp="20250127 10:59:45.930" level="INFO" html="true">Created directory '&lt;a href="file://C:\Replay\Symphonyreplay\Output\pabot_results\2\Screenshot"&gt;C:\Replay\Symphonyreplay\Output\pabot_results\2\Screenshot&lt;/a&gt;'.</msg>
<status status="PASS" starttime="20250127 10:59:45.929" endtime="20250127 10:59:45.930"/>
</kw>
<status status="PASS" starttime="20250127 10:59:45.928" endtime="20250127 10:59:45.930"/>
</kw>
<status status="PASS" starttime="20250127 10:59:45.927" endtime="20250127 10:59:45.930"/>
</kw>
<kw name="Set Global Variable" library="BuiltIn">
<arg>${screenshot_taking}</arg>
<arg>${True}</arg>
<doc>Makes a variable available globally in all tests and suites.</doc>
<msg timestamp="20250127 10:59:45.931" level="INFO">${screenshot_taking} = True</msg>
<status status="PASS" starttime="20250127 10:59:45.931" endtime="20250127 10:59:45.931"/>
</kw>
<kw name="Setup linux execution" library="Support">
<kw name="Run Keyword And Return Status" library="BuiltIn">
<var>${web_test_check}</var>
<arg>Variable Should Exist</arg>
<arg>${web_test}</arg>
<doc>Runs the given keyword with given arguments and returns the status as a Boolean value.</doc>
<kw name="Variable Should Exist" library="BuiltIn">
<arg>${web_test}</arg>
<doc>Fails unless the given variable exists within the current scope.</doc>
<status status="PASS" starttime="20250127 10:59:45.932" endtime="20250127 10:59:45.932"/>
</kw>
<msg timestamp="20250127 10:59:45.932" level="INFO">${web_test_check} = True</msg>
<status status="PASS" starttime="20250127 10:59:45.931" endtime="20250127 10:59:45.932"/>
</kw>
<kw name="Run Keyword If" library="BuiltIn">
<arg>${web_test_check}</arg>
<arg>Setup Docker Execution Options</arg>
<doc>Runs the given keyword with the given arguments, if ``condition`` is true.</doc>
<kw name="Setup Docker Execution Options" library="Support_Web">
<kw name="Setup Suite Metadata" library="Support_Web">
<arg>${browser}</arg>
<kw name="Get Browser Metadata" library="BrowserSupport">
<var>&amp;{browser_information}</var>
<arg>browser=${browser}</arg>
<doc>Fetches browser metadata information
:param browser: Name of the browser for which information is fetched
:param reload: Re-read the metadata based on the browser
:return: Browser metadata information, dict of format
            {"browser_version": browser version value,
             "driver_version": driver version value}</doc>
<msg timestamp="20250127 10:59:50.259" level="INFO">&amp;{browser_information} = { browser_version=132.0.6834.111 | driver_version=132.0.6834.110  }</msg>
<status status="PASS" starttime="20250127 10:59:45.933" endtime="20250127 10:59:50.260"/>
</kw>
<kw name="Set Suite Metadata" library="BuiltIn">
<arg>test_browser_name</arg>
<arg>${browser}</arg>
<doc>Sets metadata for the current test suite.</doc>
<msg timestamp="20250127 10:59:50.260" level="INFO">Set suite metadata 'test_browser_name' to value 'chrome'.</msg>
<status status="PASS" starttime="20250127 10:59:50.260" endtime="20250127 10:59:50.260"/>
</kw>
<kw name="Set Suite Metadata" library="BuiltIn">
<arg>test_browser_version</arg>
<arg>${browser_information.browser_version}</arg>
<doc>Sets metadata for the current test suite.</doc>
<msg timestamp="20250127 10:59:50.261" level="INFO">Set suite metadata 'test_browser_version' to value '132.0.6834.111'.</msg>
<status status="PASS" starttime="20250127 10:59:50.261" endtime="20250127 10:59:50.261"/>
</kw>
<kw name="Set Suite Metadata" library="BuiltIn">
<arg>test_driver_version</arg>
<arg>${browser_information.driver_version}</arg>
<doc>Sets metadata for the current test suite.</doc>
<msg timestamp="20250127 10:59:50.262" level="INFO">Set suite metadata 'test_driver_version' to value '132.0.6834.110 '.</msg>
<status status="PASS" starttime="20250127 10:59:50.262" endtime="20250127 10:59:50.262"/>
</kw>
<status status="PASS" starttime="20250127 10:59:45.933" endtime="20250127 10:59:50.263"/>
</kw>
<kw name="Setup Global Docker Execution Options" library="Support_Web">
<kw name="Set Global Variable" library="BuiltIn">
<arg>${global_browser_options}</arg>
<arg>None</arg>
<doc>Makes a variable available globally in all tests and suites.</doc>
<msg timestamp="20250127 10:59:50.264" level="INFO">${global_browser_options} = None</msg>
<status status="PASS" starttime="20250127 10:59:50.263" endtime="20250127 10:59:50.264"/>
</kw>
<kw name="Get Environment Variable" library="OperatingSystem">
<var>${docker_check}</var>
<arg>EXECUTION_ENVIRONMENT</arg>
<arg>not_found</arg>
<doc>Returns the value of an environment variable with the given name.</doc>
<msg timestamp="20250127 10:59:50.265" level="INFO">${docker_check} = not_found</msg>
<status status="PASS" starttime="20250127 10:59:50.265" endtime="20250127 10:59:50.265"/>
</kw>
<kw name="Run Keyword And Return If" library="BuiltIn">
<arg>"${docker_check}"!="docker"</arg>
<arg>Log</arg>
<arg>Not executing on Docker</arg>
<doc>Runs the specified keyword and returns from the enclosing user keyword.</doc>
<kw name="Log" library="BuiltIn">
<arg>Not executing on Docker</arg>
<doc>Logs the given message with the given level.</doc>
<msg timestamp="20250127 10:59:50.266" level="INFO">Not executing on Docker</msg>
<status status="PASS" starttime="20250127 10:59:50.266" endtime="20250127 10:59:50.266"/>
</kw>
<msg timestamp="20250127 10:59:50.266" level="INFO">Returning from the enclosing user keyword.</msg>
<status status="PASS" starttime="20250127 10:59:50.265" endtime="20250127 10:59:50.266"/>
</kw>
<kw name="Create List" library="BuiltIn">
<var>@{options}</var>
<arg>--headless</arg>
<arg>--no-sandbox</arg>
<arg>--disable-dev-shm-usage</arg>
<doc>Returns a list containing given items.</doc>
<status status="NOT RUN" starttime="20250127 10:59:50.266" endtime="20250127 10:59:50.266"/>
</kw>
<kw name="Set Global Variable" library="BuiltIn">
<arg>@{docker_options}</arg>
<arg>@{options}</arg>
<doc>Makes a variable available globally in all tests and suites.</doc>
<status status="NOT RUN" starttime="20250127 10:59:50.266" endtime="20250127 10:59:50.267"/>
</kw>
<status status="PASS" starttime="20250127 10:59:50.263" endtime="20250127 10:59:50.267"/>
</kw>
<kw name="Create Webdriver for chrome preferences" library="Support_Web">
<kw name="Update Docker Execution Options" library="Support_Web">
<var>${list_prefs}</var>
<arg>${list_prefs}</arg>
<kw name="Run Keyword And Return Status" library="BuiltIn">
<var>${docker_check}</var>
<arg>Variable Should Exist</arg>
<arg>${docker_options}</arg>
<doc>Runs the given keyword with given arguments and returns the status as a Boolean value.</doc>
<kw name="Variable Should Exist" library="BuiltIn">
<arg>${docker_options}</arg>
<doc>Fails unless the given variable exists within the current scope.</doc>
<msg timestamp="20250127 10:59:50.270" level="FAIL">Variable '${docker_options}' does not exist.</msg>
<status status="FAIL" starttime="20250127 10:59:50.268" endtime="20250127 10:59:50.270"/>
</kw>
<msg timestamp="20250127 10:59:50.271" level="INFO">${docker_check} = False</msg>
<status status="PASS" starttime="20250127 10:59:50.268" endtime="20250127 10:59:50.271"/>
</kw>
<kw name="Get Length" library="BuiltIn">
<var>${list_prefs_length}</var>
<arg>${list_prefs}</arg>
<doc>Returns and logs the length of the given item as an integer.</doc>
<msg timestamp="20250127 10:59:50.271" level="INFO">Length is 1</msg>
<msg timestamp="20250127 10:59:50.271" level="INFO">${list_prefs_length} = 1</msg>
<status status="PASS" starttime="20250127 10:59:50.271" endtime="20250127 10:59:50.271"/>
</kw>
<kw name="Run Keyword If" library="BuiltIn">
<var>${list_prefs}</var>
<arg>${docker_check} and ${list_prefs_length}&gt;0 and ${list_prefs}[0] != []</arg>
<arg>Combine Lists</arg>
<arg>${list_prefs}</arg>
<arg>${docker_options}</arg>
<arg>ELSE IF</arg>
<arg>${docker_check}</arg>
<arg>Set Variable</arg>
<arg>${docker_options}</arg>
<arg>ELSE</arg>
<arg>Set Variable</arg>
<arg>${list_prefs}</arg>
<doc>Runs the given keyword with the given arguments, if ``condition`` is true.</doc>
<kw name="Set Variable" library="BuiltIn">
<arg>${list_prefs}</arg>
<doc>Returns the given values which can then be assigned to a variables.</doc>
<status status="PASS" starttime="20250127 10:59:50.272" endtime="20250127 10:59:50.273"/>
</kw>
<msg timestamp="20250127 10:59:50.273" level="INFO">${list_prefs} = [[]]</msg>
<status status="PASS" starttime="20250127 10:59:50.272" endtime="20250127 10:59:50.273"/>
</kw>
<msg timestamp="20250127 10:59:50.273" level="INFO">${list_prefs} = [[]]</msg>
<status status="PASS" starttime="20250127 10:59:50.267" endtime="20250127 10:59:50.273"/>
</kw>
<kw name="Create Chrome Options for download preferences" library="Support_Web">
<var>${chrome_options}</var>
<kw name="Evaluate" library="BuiltIn">
<var>${chrome_options}</var>
<arg>sys.modules['selenium.webdriver'].ChromeOptions()</arg>
<arg>sys</arg>
<doc>Evaluates the given expression in Python and returns the result.</doc>
<msg timestamp="20250127 10:59:50.274" level="INFO">${chrome_options} = &lt;selenium.webdriver.chrome.options.Options object at 0x0000016B3F129090&gt;</msg>
<status status="PASS" starttime="20250127 10:59:50.273" endtime="20250127 10:59:50.274"/>
</kw>
<msg timestamp="20250127 10:59:50.274" level="INFO">${chrome_options} = &lt;selenium.webdriver.chrome.options.Options object at 0x0000016B3F129090&gt;</msg>
<status status="PASS" starttime="20250127 10:59:50.273" endtime="20250127 10:59:50.274"/>
</kw>
<kw name="Update Preferences List" library="Support_Web">
<arg>${chrome_options}</arg>
<arg>@{list_prefs}</arg>
<kw name="Convert To String" library="BuiltIn">
<var>${string_prefs}</var>
<arg>${list_prefs}</arg>
<doc>Converts the given item to a Unicode string.</doc>
<msg timestamp="20250127 10:59:50.275" level="INFO">${string_prefs} = [[]]</msg>
<status status="PASS" starttime="20250127 10:59:50.274" endtime="20250127 10:59:50.275"/>
</kw>
<kw name="Return From Keyword If" library="BuiltIn">
<arg>${string_prefs} == [[]]</arg>
<doc>Returns from the enclosing user keyword if ``condition`` is true.</doc>
<msg timestamp="20250127 10:59:50.275" level="INFO">Returning from the enclosing user keyword.</msg>
<status status="PASS" starttime="20250127 10:59:50.275" endtime="20250127 10:59:50.275"/>
</kw>
<for flavor="IN">
<var>${preference}</var>
<value>@{list_prefs}</value>
<iter>
<var name="${preference}"/>
<kw name="Call Method" library="BuiltIn">
<arg>${chrome_options}</arg>
<arg>add_argument</arg>
<arg>${preference}</arg>
<doc>Calls the named method of the given object with the provided arguments.</doc>
<status status="NOT RUN" starttime="20250127 10:59:50.276" endtime="20250127 10:59:50.276"/>
</kw>
<status status="NOT RUN" starttime="20250127 10:59:50.276" endtime="20250127 10:59:50.276"/>
</iter>
<status status="NOT RUN" starttime="20250127 10:59:50.275" endtime="20250127 10:59:50.276"/>
</for>
<status status="PASS" starttime="20250127 10:59:50.274" endtime="20250127 10:59:50.276"/>
</kw>
<kw name="Call Method" library="BuiltIn">
<arg>${chrome_options}</arg>
<arg>add_experimental_option</arg>
<arg>prefs</arg>
<arg>${kw_prefs}</arg>
<doc>Calls the named method of the given object with the provided arguments.</doc>
<status status="PASS" starttime="20250127 10:59:50.276" endtime="20250127 10:59:50.277"/>
</kw>
<kw name="Set Global Variable" library="BuiltIn">
<arg>${global_browser_options}</arg>
<arg>${chrome options}</arg>
<doc>Makes a variable available globally in all tests and suites.</doc>
<msg timestamp="20250127 10:59:50.277" level="INFO">${global_browser_options} = &lt;selenium.webdriver.chrome.options.Options object at 0x0000016B3F129090&gt;</msg>
<status status="PASS" starttime="20250127 10:59:50.277" endtime="20250127 10:59:50.277"/>
</kw>
<status status="PASS" starttime="20250127 10:59:50.267" endtime="20250127 10:59:50.278"/>
</kw>
<status status="PASS" starttime="20250127 10:59:45.933" endtime="20250127 10:59:50.278"/>
</kw>
<status status="PASS" starttime="20250127 10:59:45.932" endtime="20250127 10:59:50.278"/>
</kw>
<status status="PASS" starttime="20250127 10:59:45.931" endtime="20250127 10:59:50.278"/>
</kw>
<kw name="Set Suite Metadata" library="BuiltIn">
<arg>environment</arg>
<arg>${test_server}</arg>
<doc>Sets metadata for the current test suite.</doc>
<msg timestamp="20250127 10:59:50.279" level="INFO">Set suite metadata 'environment' to value 'Dev'.</msg>
<status status="PASS" starttime="20250127 10:59:50.278" endtime="20250127 10:59:50.279"/>
</kw>
<status status="PASS" starttime="20250127 10:59:45.926" endtime="20250127 10:59:50.279"/>
</kw>
<suite id="s1-s1" name="Sample" source="C:\Replay\Symphonyreplay\Tests\Sample">
<suite id="s1-s1-s1" name="AAAA-125 Calculator app tests" source="C:\Replay\Symphonyreplay\Tests\Sample\AAAA-125 Calculator app tests.robot">
<kw name="Navigate to calculator browser" library="Support_Sample" type="SETUP">
<kw name="Open page to calculator in browser" library="Support_Sample">
<kw name="Add options to global browser options from list" library="Support_Web">
<var>${options}</var>
<arg>--incognito</arg>
<kw name="Run Keyword And Return Status" library="BuiltIn">
<var>${docker_check}</var>
<arg>Variable Should Exist</arg>
<arg>${global_browser_options}</arg>
<doc>Runs the given keyword with given arguments and returns the status as a Boolean value.</doc>
<kw name="Variable Should Exist" library="BuiltIn">
<arg>${global_browser_options}</arg>
<doc>Fails unless the given variable exists within the current scope.</doc>
<status status="PASS" starttime="20250127 10:59:50.302" endtime="20250127 10:59:50.302"/>
</kw>
<msg timestamp="20250127 10:59:50.302" level="INFO">${docker_check} = True</msg>
<status status="PASS" starttime="20250127 10:59:50.301" endtime="20250127 10:59:50.302"/>
</kw>
<kw name="Run Keyword If" library="BuiltIn">
<var>${list_prefs}</var>
<arg>${docker_check}==False</arg>
<arg>${global_browser_options}=</arg>
<arg>Create Chrome Options for download preferences</arg>
<doc>Runs the given keyword with the given arguments, if ``condition`` is true.</doc>
<msg timestamp="20250127 10:59:50.302" level="INFO">${list_prefs} = None</msg>
<status status="PASS" starttime="20250127 10:59:50.302" endtime="20250127 10:59:50.302"/>
</kw>
<for flavor="IN">
<var>${preference}</var>
<value>@{additional_options}</value>
<iter>
<var name="${preference}">--incognito</var>
<kw name="Call Method" library="BuiltIn">
<arg>${global_browser_options}</arg>
<arg>add_argument</arg>
<arg>${preference}</arg>
<doc>Calls the named method of the given object with the provided arguments.</doc>
<status status="PASS" starttime="20250127 10:59:50.303" endtime="20250127 10:59:50.303"/>
</kw>
<status status="PASS" starttime="20250127 10:59:50.303" endtime="20250127 10:59:50.303"/>
</iter>
<status status="PASS" starttime="20250127 10:59:50.303" endtime="20250127 10:59:50.303"/>
</for>
<msg timestamp="20250127 10:59:50.304" level="INFO">${options} = &lt;selenium.webdriver.chrome.options.Options object at 0x0000016B3F129090&gt;</msg>
<status status="PASS" starttime="20250127 10:59:50.301" endtime="20250127 10:59:50.304"/>
</kw>
<kw name="Open Browser" library="SeleniumLibrary">
<arg>${wvar('calculator_url')}</arg>
<arg>${browser}</arg>
<arg>options=${options}</arg>
<doc>Opens a new browser instance to the optional ``url``.</doc>
<msg timestamp="20250127 10:59:50.305" level="WARN">Failed to fetch value for field: Web.Dev.calculator_url</msg>
<msg timestamp="20250127 10:59:50.308" level="WARN">Traceback (most recent call last):
  File "C:\Replay\Symphonyreplay\Execution\Access_Data.py", line 58, in get_data
    field_value = eval(command)
  File "&lt;string&gt;", line 1, in &lt;module&gt;
AttributeError: module 'Data.Web.Dev' has no attribute 'calculator_url'
</msg>
<msg timestamp="20250127 10:59:50.309" level="INFO">Opening browser 'chrome' to base url ''.</msg>
<status status="PASS" starttime="20250127 10:59:50.304" endtime="20250127 10:59:51.577"/>
</kw>
<status status="PASS" starttime="20250127 10:59:50.301" endtime="20250127 10:59:51.577"/>
</kw>
<kw name="Wait until the page has loaded successfully" library="Support_Sample">
<kw name="Wait Until Page Contains Element" library="SeleniumLibrary">
<arg>${wvar('page_loaded_check')}</arg>
<doc>Waits until the element ``locator`` appears on the current page.</doc>
<msg timestamp="20250127 10:59:51.579" level="WARN">Failed to fetch value for field: Web.Dev.page_loaded_check</msg>
<msg timestamp="20250127 10:59:51.580" level="WARN">Traceback (most recent call last):
  File "C:\Replay\Symphonyreplay\Execution\Access_Data.py", line 58, in get_data
    field_value = eval(command)
  File "&lt;string&gt;", line 1, in &lt;module&gt;
AttributeError: module 'Data.Web.Dev' has no attribute 'page_loaded_check'
</msg>
<kw name="Capture Page Screenshot" library="SeleniumLibrary">
<doc>Takes a screenshot of the current page and embeds it into a log file.</doc>
<msg timestamp="20250127 10:59:56.818" level="INFO" html="true">&lt;/td&gt;&lt;/tr&gt;&lt;tr&gt;&lt;td colspan="3"&gt;&lt;a href="selenium-screenshot-1.png"&gt;&lt;img src="selenium-screenshot-1.png" width="800px"&gt;&lt;/a&gt;</msg>
<status status="PASS" starttime="20250127 10:59:56.749" endtime="20250127 10:59:56.819"/>
</kw>
<msg timestamp="20250127 10:59:56.819" level="FAIL">Element '' did not appear in 5 seconds.</msg>
<status status="FAIL" starttime="20250127 10:59:51.578" endtime="20250127 10:59:56.821"/>
</kw>
<status status="FAIL" starttime="20250127 10:59:51.578" endtime="20250127 10:59:56.822"/>
</kw>
<status status="FAIL" starttime="20250127 10:59:50.301" endtime="20250127 10:59:56.822"/>
</kw>
<test id="s1-s1-s1-t1" name="Addition is tested successfully" line="10">
<doc>Test to check Addition on calculator is working correctly</doc>
<tag>AAAA-125</tag>
<tag>addition</tag>
<tag>Calculator</tag>
<tag>debug_listener_messages</tag>
<tag>Regression</tag>
<tag>Sample</tag>
<status status="FAIL" starttime="20250127 10:59:56.822" endtime="20250127 10:59:56.823">Parent suite setup failed:
Element '' did not appear in 5 seconds.</status>
</test>
<test id="s1-s1-s1-t2" name="Subtraction is tested successfully" line="17">
<doc>Test to check if subraction of two number is successful</doc>
<tag>AAAA-125</tag>
<tag>Calculator</tag>
<tag>debug_listener_messages</tag>
<tag>Regression</tag>
<tag>Sample</tag>
<tag>subtraction</tag>
<status status="FAIL" starttime="20250127 10:59:56.824" endtime="20250127 10:59:56.824">Parent suite setup failed:
Element '' did not appear in 5 seconds.</status>
</test>
<test id="s1-s1-s1-t3" name="Multiplication is tested successfully" line="24">
<doc>Test to check if multiplication of two number is successful</doc>
<tag>AAAA-125</tag>
<tag>Calculator</tag>
<tag>debug_listener_messages</tag>
<tag>multiplication</tag>
<tag>Regression</tag>
<tag>Sample</tag>
<status status="FAIL" starttime="20250127 10:59:56.825" endtime="20250127 10:59:56.825">Parent suite setup failed:
Element '' did not appear in 5 seconds.</status>
</test>
<test id="s1-s1-s1-t4" name="Division is tested successfully" line="31">
<doc>Test to check if division of two number is successful</doc>
<tag>AAAA-125</tag>
<tag>Calculator</tag>
<tag>debug_listener_messages</tag>
<tag>division</tag>
<tag>Regression</tag>
<tag>Sample</tag>
<status status="FAIL" starttime="20250127 10:59:56.826" endtime="20250127 10:59:56.826">Parent suite setup failed:
Element '' did not appear in 5 seconds.</status>
</test>
<test id="s1-s1-s1-t5" name="Division by Zero" line="38">
<doc>Test to check if division of a number by zero is possible</doc>
<tag>AAAA-125</tag>
<tag>Calculator</tag>
<tag>debug_listener_messages</tag>
<tag>divide_by_zero</tag>
<tag>Regression</tag>
<tag>Sample</tag>
<status status="FAIL" starttime="20250127 10:59:56.827" endtime="20250127 10:59:56.827">Parent suite setup failed:
Element '' did not appear in 5 seconds.</status>
</test>
<test id="s1-s1-s1-t6" name="Multiplication of float numbers" line="45">
<doc>Test to check if multiplication of two float numbers is successful</doc>
<tag>AAAA-125</tag>
<tag>Calculator</tag>
<tag>debug_listener_messages</tag>
<tag>float_multiplication</tag>
<tag>Regression</tag>
<tag>Sample</tag>
<status status="FAIL" starttime="20250127 10:59:56.827" endtime="20250127 10:59:56.828">Parent suite setup failed:
Element '' did not appear in 5 seconds.</status>
</test>
<test id="s1-s1-s1-t7" name="Clear of state" line="52">
<doc>Test to check if clear of state is possible</doc>
<tag>AAAA-125</tag>
<tag>Calculator</tag>
<tag>clear_state</tag>
<tag>debug_listener_messages</tag>
<tag>Regression</tag>
<tag>Sample</tag>
<status status="FAIL" starttime="20250127 10:59:56.829" endtime="20250127 10:59:56.829">Parent suite setup failed:
Element '' did not appear in 5 seconds.</status>
</test>
<test id="s1-s1-s1-t8" name="Negation of number sign" line="59">
<doc>Test to check if negation of number is possible</doc>
<tag>AAAA-125</tag>
<tag>Calculator</tag>
<tag>debug_listener_messages</tag>
<tag>number_negation</tag>
<tag>Regression</tag>
<tag>Sample</tag>
<status status="FAIL" starttime="20250127 10:59:56.830" endtime="20250127 10:59:56.830">Parent suite setup failed:
Element '' did not appear in 5 seconds.</status>
</test>
<test id="s1-s1-s1-t9" name="Large number addition" line="66">
<doc>Test to check addition of large number is successful</doc>
<tag>AAAA-125</tag>
<tag>Calculator</tag>
<tag>debug_listener_messages</tag>
<tag>large_number_add</tag>
<tag>Regression</tag>
<tag>Sample</tag>
<status status="FAIL" starttime="20250127 10:59:56.830" endtime="20250127 10:59:56.831">Parent suite setup failed:
Element '' did not appear in 5 seconds.</status>
</test>
<test id="s1-s1-s1-t10" name="Large number multiplication" line="73">
<doc>Test to check multiplication of large number is successful</doc>
<tag>AAAA-125</tag>
<tag>Calculator</tag>
<tag>debug_listener_messages</tag>
<tag>large_number_multiply</tag>
<tag>Regression</tag>
<tag>Sample</tag>
<status status="FAIL" starttime="20250127 10:59:56.831" endtime="20250127 10:59:56.832">Parent suite setup failed:
Element '' did not appear in 5 seconds.</status>
</test>
<kw name="Close All Browsers" library="SeleniumLibrary" type="TEARDOWN">
<doc>Closes all open browsers and resets the browser cache.</doc>
<status status="PASS" starttime="20250127 10:59:56.833" endtime="20250127 11:00:02.988"/>
</kw>
<doc>Tests Calculator app functionality. Jira-ID: AAAA-125</doc>
<status status="FAIL" starttime="20250127 10:59:50.281" endtime="20250127 11:00:02.989">Suite setup failed:
Element '' did not appear in 5 seconds.</status>
</suite>
<doc>Sample Tests</doc>
<status status="FAIL" starttime="20250127 10:59:50.279" endtime="20250127 11:00:03.056"/>
</suite>
<doc>Testing functionality through Robot Framework</doc>
<meta name="environment">Dev</meta>
<meta name="test_browser_name">chrome</meta>
<meta name="test_browser_version">132.0.6834.111</meta>
<meta name="test_driver_version">132.0.6834.110 </meta>
<meta name="test_environment">Dev</meta>
<meta name="test_freeze_dependencies">astroid==3.3.8,attrs==25.1.0,beautifulsoup4==4.12.3,bs4==0.0.2,certifi==2024.12.14,cffi==1.17.1,chardet==5.2.0,charset-normalizer==3.4.1,click==8.1.8,colorama==0.4.6,cryptography==44.0.0,defusedxml==0.7.1,dill==0.3.9,docutils==0.21.2,et_xmlfile==2.0.0,exceptiongroup==1.2.2,gitdb==4.0.12,GitPython==3.1.44,h11==0.14.0,idna==3.10,isort==5.13.2,Jinja2==3.1.5,jira==3.8.0,jsonpath-ng==1.7.0,jsonschema==4.23.0,jsonschema-specifications==2024.10.1,lazy-object-proxy==1.10.0,lxml==5.3.0,markdown-it-py==3.0.0,MarkupSafe==3.0.2,mccabe==0.7.0,mdurl==0.1.2,natsort==8.4.0,oauthlib==3.2.2,openpyxl==3.1.5,outcome==1.3.0.post0,packaging==24.2,pathspec==0.11.2,pillow==11.1.0,pip==24.3.1,platformdirs==4.3.6,ply==3.11,pycparser==2.22,Pygments==2.19.1,pylint==3.3.3,PySocks==1.7.1,pywin32==308,PyYAML==6.0.2,referencing==0.36.2,requests==2.32.3,requests-oauthlib==2.0.0,requests-toolbelt==1.0.0,rich==13.9.4,rich-click==1.6.1,robotframework==6.0.2,robotframework-datadriver==1.9.0,robotframework-excellib==2.0.1,robotframework-jsonlibrary==0.5,robotframework-pabot==2.16.0,robotframework-pythonlibcore==4.2.0,robotframework-requests==0.9.2,robotframework-sapguilibrary==1.1,robotframework-seleniumlibrary==5.1.3,robotframework-stacktrace==0.4.1,robotframework-tidy==4.5.0,rpds-py==0.22.3,selenium==4.9.1,setuptools==75.8.0,smmap==5.0.2,sniffio==1.3.1,sortedcontainers==2.4.0,soupsieve==2.6,tomli==2.0.2,tomlkit==0.13.2,trio==0.28.0,trio-websocket==0.11.1,typing_extensions==4.12.2,urllib3==2.3.0,wheel==0.45.1,wrapt==1.17.2,wsproto==1.2.0</meta>
<status status="FAIL" starttime="20250127 10:59:45.313" endtime="20250127 11:00:03.057"/>
</suite>
<statistics>
<total>
<stat pass="0" fail="10" skip="0">All Tests</stat>
</total>
<tag>
<stat pass="0" fail="10" skip="0">AAAA-125</stat>
<stat pass="0" fail="1" skip="0">addition</stat>
<stat pass="0" fail="10" skip="0">Calculator</stat>
<stat pass="0" fail="1" skip="0">clear_state</stat>
<stat pass="0" fail="10" skip="0">debug_listener_messages</stat>
<stat pass="0" fail="1" skip="0">divide_by_zero</stat>
<stat pass="0" fail="1" skip="0">division</stat>
<stat pass="0" fail="1" skip="0">float_multiplication</stat>
<stat pass="0" fail="1" skip="0">large_number_add</stat>
<stat pass="0" fail="1" skip="0">large_number_multiply</stat>
<stat pass="0" fail="1" skip="0">multiplication</stat>
<stat pass="0" fail="1" skip="0">number_negation</stat>
<stat pass="0" fail="10" skip="0">Regression</stat>
<stat pass="0" fail="10" skip="0">Sample</stat>
<stat pass="0" fail="1" skip="0">subtraction</stat>
</tag>
<suite>
<stat pass="0" fail="10" skip="0" id="s1" name="Tests">Tests</stat>
<stat pass="0" fail="10" skip="0" id="s1-s1" name="Sample">Tests.Sample</stat>
<stat pass="0" fail="10" skip="0" id="s1-s1-s1" name="AAAA-125 Calculator app tests">Tests.Sample.AAAA-125 Calculator app tests</stat>
</suite>
</statistics>
<errors>
<msg timestamp="20250127 10:59:50.305" level="WARN">Failed to fetch value for field: Web.Dev.calculator_url</msg>
<msg timestamp="20250127 10:59:50.308" level="WARN">Traceback (most recent call last):
  File "C:\Replay\Symphonyreplay\Execution\Access_Data.py", line 58, in get_data
    field_value = eval(command)
  File "&lt;string&gt;", line 1, in &lt;module&gt;
AttributeError: module 'Data.Web.Dev' has no attribute 'calculator_url'
</msg>
<msg timestamp="20250127 10:59:51.579" level="WARN">Failed to fetch value for field: Web.Dev.page_loaded_check</msg>
<msg timestamp="20250127 10:59:51.580" level="WARN">Traceback (most recent call last):
  File "C:\Replay\Symphonyreplay\Execution\Access_Data.py", line 58, in get_data
    field_value = eval(command)
  File "&lt;string&gt;", line 1, in &lt;module&gt;
AttributeError: module 'Data.Web.Dev' has no attribute 'page_loaded_check'
</msg>
</errors>
</robot>
